{
  "665102":{
    "name":"stress-ng-io",
    "pids":{
      "665102":{
        "25":{
          "trace":[
            "0x7f59b4513dab:__GI_syncfs",
            "0x7ffc87c98770:[unknown]",
            "0x000001:[unknown]"
          ],
          "count":189,
          "label":1
        }
      }
    }
  },
  "665108":{
    "name":"stress-ng-fork",
    "pids":{
      "665108":{
        "84":{
          "trace":[
            "0x7f59b44e2d27:_Fork"
          ],
          "count":6,
          "label":0
        }
      }
    }
  },
  "824":{
    "name":"containerd",
    "pids":{
      "759":{
        "8":{
          "trace":[
            "0x55fec0f56203:runtime.futex.abi0",
            "0x55fec0ef09e9:runtime.notewakeup",
            "0x55fec0f253e8:runtime.startm",
            "0x55fec0f2583a:runtime.wakep",
            "0x55fec0f27205:runtime.resetspinning",
            "0x55fec0f27645:runtime.schedule",
            "0x55fec0f27b4d:runtime.park_m",
            "0x55fec0f52045:runtime.mcall",
            "0x55fec0f318bc:runtime.selectgo",
            "0x55fec1325cda:github.com/containerd/containerd/gc/scheduler.(*gcScheduler).run",
            "0x55fec13251ee:github.com/containerd/containerd/gc/scheduler.init.0.func1.1",
            "0x55fec0f54301:runtime.goexit.abi0"
          ],
          "count":1,
          "label":0
        }
      }
    }
  },
  "665065":{
    "name":"cat",
    "pids":{
      "665065":{
        "80":{
          "trace":[
            "0x7f7659e9fec1:[unknown]"
          ],
          "count":1,
          "label":0
        }
      }
    }
  },
  "665044":{
    "name":"cpuUsage.sh",
    "pids":{
      "665044":{
        "30":{
          "trace":[
            "0x7f0f192e2d27:[unknown]"
          ],
          "count":1,
          "label":0
        }
      }
    }
  },
  "665096":{
    "name":"stress-ng-cpu",
    "pids":{
      "665096":{
        "91":{
          "trace":[
            "0x560e069c2cc4:stress_cpu_matrix_prod.avx2"
          ],
          "count":1,
          "label":0
        }
      }
    }
  },
  "665061":{
    "name":"ps",
    "pids":{
      "665061":{
        "34":{
          "trace":[
            "0x7fc51950ca45:[unknown]",
            "0x7375746174732f:[unknown]"
          ],
          "count":1,
          "label":0
        }
      }
    }
  },
  "474757":{
    "name":"node",
    "pids":{
      "474757":{
        "107":{
          "trace":[
            "0x1551ea4:uv__process_close",
            "0xaa5cb9:node::HandleWrap::Close(v8::FunctionCallbackInfo<v8::Value> const&)",
            "0xd3976e:v8::internal::MaybeHandle<v8::internal::Object> v8::internal::(anonymous namespace)::HandleApiCallHelper<false>(v8::internal::Isolate*, v8::internal::Handle<v8::internal::HeapObject>, v8::internal::Handle<v8::internal::HeapObject>, v8::internal::Handle<v8::internal::FunctionTemplateInfo>, v8::internal::Handle<v8::internal::Object>, v8::internal::BuiltinArguments)",
            "0xd3ab8f:v8::internal::Builtin_HandleApiCall(int, unsigned long*, v8::internal::Isolate*)",
            "0x15d55d9:Builtins_CEntry_Return1_DontSaveFPRegs_ArgvOnStack_BuiltinExit",
            "0x7f45d00f7f7c:[unknown]",
            "0x15661b8:Builtins_JSEntryTrampoline",
            "0x1565f43:Builtins_JSEntry",
            "0xe08658:v8::internal::(anonymous namespace)::Invoke(v8::internal::Isolate*, v8::internal::(anonymous namespace)::InvokeParams const&)",
            "0xe094af:v8::internal::Execution::Call(v8::internal::Isolate*, v8::internal::Handle<v8::internal::Object>, v8::internal::Handle<v8::internal::Object>, int, v8::internal::Handle<v8::internal::Object>*)",
            "0xcf9582:v8::Function::Call(v8::Local<v8::Context>, v8::Local<v8::Value>, int, v8::Local<v8::Value>*)",
            "0xa3f105:node::InternalMakeCallback(node::Environment*, v8::Local<v8::Object>, v8::Local<v8::Object>, v8::Local<v8::Function>, int, v8::Local<v8::Value>*, node::async_context)",
            "0xa4f8f9:node::AsyncWrap::MakeCallback(v8::Local<v8::Function>, int, v8::Local<v8::Value>*)",
            "0xbd05fd:node::(anonymous namespace)::ProcessWrap::OnExit(uv_process_s*, long, int)",
            "0x155137d:uv__chld",
            "0x1552ceb:uv__signal_event",
            "0x155a7a6:uv__io_poll",
            "0x15486f8:uv_run",
            "0xa3fa35:node::SpinEventLoop(node::Environment*)",
            "0xb42c56:node::NodeMainInstance::Run()",
            "0xac89bc:node::Start(int, char**)",
            "0x7f45dfc23510:__libc_start_call_main"
          ],
          "count":1,
          "label":0
        }
      }
    }
  },
  "665408":{
    "name":"cat",
    "pids":{}
  },
  "474658":{
    "name":"sshd",
    "pids":{
      "474658":{
        "41":{
          "trace":[
            "0x7f3cf190ccf1:__GI___libc_read"
          ],
          "count":1,
          "label":0
        }
      }
    }
  },
  "665092":{
    "name":"stress-ng",
    "pids":{
      "665092":{
        "84":{
          "trace":[
            "0x7f59b44e2d27:_Fork"
          ],
          "count":1,
          "label":0
        }
      }
    }
  },
  "665077":{
    "name":"cat",
    "pids":{
      "665077":{
        "112":{
          "trace":[
            "0x7fc1ce1ceec7:[unknown]",
            "0x7fc1ce1b3a40:[unknown]",
            "0x7fc1ce1e28a0:[unknown]"
          ],
          "count":1,
          "label":0
        }
      }
    }
  },
  "665113":{
    "name":"stress-ng-vm",
    "pids":{
      "665113":{
        "53":{
          "trace":[
            "0x560e06e142cd:stress_vm_cache_stripe.avx2",
            "0x7ffc87c98770:[unknown]",
            "0x000001:[unknown]"
          ],
          "count":4,
          "label":0
        }
      }
    }
  },
  "665109":{
    "name":"stress-ng-fork",
    "pids":{}
  },
  "665110":{
    "name":"stress-ng-fork",
    "pids":{
      "665110":{
        "84":{
          "trace":[
            "0x7f59b44e2d27:_Fork"
          ],
          "count":8,
          "label":0
        }
      }
    }
  },
  "665100":{
    "name":"stress-ng-cpu",
    "pids":{
      "665100":{
        "95":{
          "trace":[
            "0x560e069be222:stress_cpu_dither.avx2",
            "0xf5c789014310973f:[unknown]"
          ],
          "count":1,
          "label":0
        }
      }
    }
  },
  "665104":{
    "name":"stress-ng-io",
    "pids":{
      "665104":{
        "69":{
          "trace":[
            "0x7f59b4513ceb:__GI_sync",
            "0x7ffc87c98770:[unknown]",
            "0x000001:[unknown]"
          ],
          "count":131,
          "label":1
        }
      }
    }
  },
  "665347":{
    "name":"node",
    "pids":{}
  },
  "665117":{
    "name":"stress-ng-vm",
    "pids":{
      "665117":{
        "92":{
          "trace":[
            "0x560e06dfbaf5:stress_vm_cache_lines.avx2",
            "0x7ffc87c98770:[unknown]",
            "0x000001:[unknown]"
          ],
          "count":6,
          "label":0
        }
      }
    }
  },
  "665099":{
    "name":"stress-ng-cpu",
    "pids":{
      "665099":{
        "76":{
          "trace":[
            "0x560e069be24a:stress_cpu_dither.avx2",
            "0xcd4779e608287c01:[unknown]"
          ],
          "count":4,
          "label":0
        }
      }
    }
  },
  "665097":{
    "name":"stress-ng-cpu",
    "pids":{
      "665097":{
        "42":{
          "trace":[
            "0x560e069bc6b8:stress_cpu_div64.avx2"
          ],
          "count":3,
          "label":0
        }
      }
    }
  },
  "474716":{
    "name":"node",
    "pids":{
      "474713":{
        "62":{
          "trace":[
            "0x1d9d02f:v8::internal::compiler::ControlFlowOptimizer::Optimize()",
            "0x1ca3d24:v8::internal::compiler::PipelineImpl::OptimizeGraph(v8::internal::compiler::Linkage*)",
            "0x1ca4a17:v8::internal::compiler::PipelineCompilationJob::ExecuteJobImpl(v8::internal::RuntimeCallStats*, v8::internal::LocalIsolate*)",
            "0xd74afb:v8::internal::OptimizedCompilationJob::ExecuteJob(v8::internal::RuntimeCallStats*, v8::internal::LocalIsolate*)",
            "0xd9ac96:v8::internal::OptimizingCompileDispatcher::CompileNext(v8::internal::OptimizedCompilationJob*, v8::internal::LocalIsolate*)",
            "0xd9b2ad:non-virtual thunk to v8::internal::CancelableTask::Run()",
            "0xb6cc55:node::(anonymous namespace)::PlatformWorkerThread(void*)",
            "0x7f3951e90402:start_thread"
          ],
          "count":1,
          "label":0
        }
      }
    }
  },
  "665070":{
    "name":"sed",
    "pids":{
      "665070":{
        "106":{
          "trace":[
            "0x7f8c107f8ec7:[unknown]",
            "0x7f8c107dda40:[unknown]",
            "0x7f8c107d3670:[unknown]"
          ],
          "count":1,
          "label":0
        }
      }
    }
  },
  "665101":{
    "name":"stress-ng-io",
    "pids":{
      "665101":{
        "25":{
          "trace":[
            "0x7f59b4513dab:__GI_syncfs",
            "0x7ffc87c98770:[unknown]",
            "0x000001:[unknown]"
          ],
          "count":200,
          "label":1
        }
      }
    }
  },
  "665082":{
    "name":"ps",
    "pids":{
      "665082":{
        "45":{
          "trace":[
            "0x7fac9610c28e:[unknown]"
          ],
          "count":1,
          "label":0
        }
      }
    }
  },
  "665051":{
    "name":"cat",
    "pids":{
      "665051":{
        "40":{
          "trace":[
            "0x7fbb1430cd94:[unknown]"
          ],
          "count":1,
          "label":0
        }
      }
    }
  },
  "665058":{
    "name":"node",
    "pids":{
      "665058":{
        "89":{
          "trace":[
            "0x7f45dfce346b:[unknown]"
          ],
          "count":1,
          "label":0
        }
      }
    }
  },
  "665095":{
    "name":"stress-ng-cpu",
    "pids":{
      "665095":{
        "13":{
          "trace":[
            "0x560e068d8fee:stress_cpu_sieve"
          ],
          "count":1,
          "label":0
        }
      }
    }
  },
  "474786":{
    "name":"node",
    "pids":{
      "474786":{
        "6":{
          "trace":[
            "0x7fb0b370cdcf:write",
            "0xbdfb56:non-virtual thunk to node::LibuvStreamWrap::DoTryWrite(uv_buf_t**, unsigned long*)",
            "0xbd7bf6:node::StreamBase::WriteBuffer(v8::FunctionCallbackInfo<v8::Value> const&)",
            "0xbdc549:void node::StreamBase::JSMethod<&node::StreamBase::WriteBuffer>(v8::FunctionCallbackInfo<v8::Value> const&)",
            "0xd3976e:v8::internal::MaybeHandle<v8::internal::Object> v8::internal::(anonymous namespace)::HandleApiCallHelper<false>(v8::internal::Isolate*, v8::internal::Handle<v8::internal::HeapObject>, v8::internal::Handle<v8::internal::HeapObject>, v8::internal::Handle<v8::internal::FunctionTemplateInfo>, v8::internal::Handle<v8::internal::Object>, v8::internal::BuiltinArguments)",
            "0xd3ab8f:v8::internal::Builtin_HandleApiCall(int, unsigned long*, v8::internal::Isolate*)",
            "0x15d55d9:Builtins_CEntry_Return1_DontSaveFPRegs_ArgvOnStack_BuiltinExit",
            "0x7fb0a415cc9d:[unknown]",
            "0x7fb0a4643a6f:[unknown]",
            "0x7fb0a42d3392:[unknown]",
            "0x7fb0a42cbd53:[unknown]",
            "0x7fb0a43e0de3:[unknown]",
            "0x15978bf:Builtins_AsyncFunctionAwaitResolveClosure",
            "0x161d96e:Builtins_PromiseFulfillReactionJob",
            "0x1589b26:Builtins_RunMicrotasks",
            "0x1566103:Builtins_JSRunMicrotasksEntry",
            "0xe08afe:v8::internal::(anonymous namespace)::Invoke(v8::internal::Isolate*, v8::internal::(anonymous namespace)::InvokeParams const&)",
            "0xe09390:v8::internal::(anonymous namespace)::InvokeWithTryCatch(v8::internal::Isolate*, v8::internal::(anonymous namespace)::InvokeParams const&) [clone .constprop.58]",
            "0xe098aa:v8::internal::Execution::TryRunMicrotasks(v8::internal::Isolate*, v8::internal::MicrotaskQueue*, v8::internal::MaybeHandle<v8::internal::Object>*)",
            "0xe31e6a:v8::internal::MicrotaskQueue::RunMicrotasks(v8::internal::Isolate*) [clone .part.50]",
            "0xe32232:v8::internal::MicrotaskQueue::PerformCheckpoint(v8::Isolate*)",
            "0x156a0ac:Builtins_CallApiCallback",
            "0x7fb0a461691b:[unknown]",
            "0x15661b8:Builtins_JSEntryTrampoline",
            "0x1565f43:Builtins_JSEntry",
            "0xe08658:v8::internal::(anonymous namespace)::Invoke(v8::internal::Isolate*, v8::internal::(anonymous namespace)::InvokeParams const&)",
            "0xe094af:v8::internal::Execution::Call(v8::internal::Isolate*, v8::internal::Handle<v8::internal::Object>, v8::internal::Handle<v8::internal::Object>, int, v8::internal::Handle<v8::internal::Object>*)",
            "0xcf9582:v8::Function::Call(v8::Local<v8::Context>, v8::Local<v8::Value>, int, v8::Local<v8::Value>*)",
            "0xa3ed6f:node::InternalCallbackScope::Close()",
            "0xa3f115:node::InternalMakeCallback(node::Environment*, v8::Local<v8::Object>, v8::Local<v8::Object>, v8::Local<v8::Function>, int, v8::Local<v8::Value>*, node::async_context)",
            "0xa4f8f9:node::AsyncWrap::MakeCallback(v8::Local<v8::Function>, int, v8::Local<v8::Value>*)",
            "0xbc769f:node::(anonymous namespace)::CompressionStream<node::(anonymous namespace)::ZlibContext>::AfterThreadPoolWork(int)",
            "0xacf64d:node::ThreadPoolWork::ScheduleWork()::{lambda(uv_work_s*, int)#2}::_FUN(uv_work_s*, int)",
            "0x15435cd:uv__work_done",
            "0x1547da6:uv__async_io.part.1",
            "0x155a4d4:uv__io_poll",
            "0x15486f8:uv_run",
            "0xa3fa35:node::SpinEventLoop(node::Environment*)",
            "0xb42c56:node::NodeMainInstance::Run()",
            "0xac89bc:node::Start(int, char**)",
            "0x7fb0b3623510:__libc_start_call_main"
          ],
          "count":1,
          "label":0
        }
      }
    }
  },
  "665098":{
    "name":"stress-ng-cpu",
    "pids":{
      "665098":{
        "49":{
          "trace":[
            "0x560e069c2cd6:stress_cpu_matrix_prod.avx2"
          ],
          "count":1,
          "label":0
        }
      }
    }
  },
  "665093":{
    "name":"stress-ng-cpu",
    "pids":{
      "665093":{
        "120":{
          "trace":[
            "0x560e069de7ab:stress_cpu_int128_longdouble.avx2"
          ],
          "count":1,
          "label":0
        }
      }
    }
  },
  "665103":{
    "name":"stress-ng-io",
    "pids":{
      "665103":{
        "69":{
          "trace":[
            "0x7f59b4513ceb:__GI_sync",
            "0x7ffc87c98770:[unknown]",
            "0x000001:[unknown]"
          ],
          "count":130,
          "label":1
        }
      }
    }
  },
  "665094":{
    "name":"stress-ng-cpu",
    "pids":{
      "665094":{
        "83":{
          "trace":[
            "0x560e068d880c:stress_mwc64",
            "0x6806ad44a3ca8b65:[unknown]"
          ],
          "count":1,
          "label":0
        }
      }
    }
  },
  "665107":{
    "name":"stress-ng-fork",
    "pids":{
      "665107":{
        "43":{
          "trace":[
            "0x7f59b45726ca:__memset_avx2_unaligned_erms",
            "0x7ffc87c98770:[unknown]",
            "0x000001:[unknown]"
          ],
          "count":2,
          "label":0
        }
      }
    }
  },
  "665085":{
    "name":"cpuUsage.sh",
    "pids":{
      "665085":{
        "28":{
          "trace":[
            "0x55dcf8626470:[unknown]"
          ],
          "count":1,
          "label":0
        }
      }
    }
  },
  "485883":{
    "name":"cpptools",
    "pids":{
      "485883":{
        "61":{
          "trace":[
            "0x7ff0ea68ebd4:pthread_cond_signal@@GLIBC_2.3.2"
          ],
          "count":1,
          "label":0
        }
      }
    }
  }
}
